yarn run v1.22.22
$ storybook build --output-dir=/var/folders/s6/wmlw_sg10cx360htz4s3gfr40000gn/T/chromatic--5090-XAI9GNDySD22
[1m@storybook/core v8.4.7
[22m
info => Cleaning outputDir: [36m../../../../../var/folders/s6/wmlw_sg10cx360htz4s3gfr40000gn/T/chromatic--5090-XAI9GNDySD22[39m
info => Loading presets
info => Building manager..
info => Manager built ([38;2;181;126;229m88 ms[39m)
info => Building preview..
WARN No story files found for the specified pattern: [34mcomponents/**/*.stories.mdx[39m
info Addon-docs: using MDX3
info => Using implicit CSS loaders
Using @react-native/babel-preset
info => Using default Webpack5 setup
info Using tsconfig paths for react-docgen
WARN asset size limit: The following asset(s) exceed the recommended size limit (244 KiB).
WARN This can impact web performance.
WARN Assets: 
WARN   655.4bf31ae7.iframe.bundle.js (652 KiB)
WARN   878.9df71855.iframe.bundle.js (972 KiB)
WARN entrypoint size limit: The following entrypoint(s) combined asset size exceeds the recommended limit (244 KiB). This can impact web performance.
WARN Entrypoints:
WARN   main (664 KiB)
WARN       runtime~main.3cc8084c.iframe.bundle.js
WARN       655.4bf31ae7.iframe.bundle.js
WARN       main.4048bd6e.iframe.bundle.js
WARN 
info => Preview built ([38;2;181;126;229m7.07 s[39m)
info => Output directory: /var/folders/s6/wmlw_sg10cx360htz4s3gfr40000gn/T/chromatic--5090-XAI9GNDySD22
Done in 9.21s.
